<?xml version="1.1" encoding="UTF-8"?>
<testsuite name="org.gradle.PersonTest" tests="1" failures="0" errors="0" timestamp="2014-06-02T08:29:33" hostname="H1220038" time="0.004">
  <properties/>
  <testcase name="canConstructAPersonWithAName" classname="org.gradle.PersonTest" time="0.004"/>
  <system-out><![CDATA[]]></system-out>
  <system-err><![CDATA[]]></system-err>
</testsuite>
